<?xml version="1.0" encoding="UTF-8"?>
<testng-results skipped="0" failed="0" ignored="1" total="2" passed="1">
  <reporter-output>
  </reporter-output>
  <suite name="Suite" duration-ms="4428" started-at="2021-12-10T21:03:32 IST" finished-at="2021-12-10T21:03:37 IST">
    <groups>
    </groups>
    <test name="Test" duration-ms="4428" started-at="2021-12-10T21:03:32 IST" finished-at="2021-12-10T21:03:37 IST">
      <class name="test.LoginTest">
        <test-method status="PASS" signature="login1(java.util.HashMap)[pri:0, instance:test.LoginTest@2fc0cc3]" name="login1" duration-ms="3108" started-at="2021-12-10T21:03:33 IST" data-provider="testData" finished-at="2021-12-10T21:03:36 IST">
          <params>
            <param index="0">
              <value>
                <![CDATA[{password=secret_sauce, username=standard_user}]]>
              </value>
            </param>
          </params>
          <reporter-output>
          </reporter-output>
        </test-method> <!-- login1 -->
        <test-method status="PASS" signature="tearDown(org.testng.ITestResult)[pri:0, instance:test.LoginTest@2fc0cc3]" name="tearDown" is-config="true" duration-ms="178" started-at="2021-12-10T21:03:36 IST" finished-at="2021-12-10T21:03:36 IST">
          <params>
            <param index="0">
              <value>
                <![CDATA[[TestResult name=login1 status=SUCCESS method=LoginTest.login1(java.util.HashMap)[pri:0, instance:test.LoginTest@2fc0cc3] output={null}]]]>
              </value>
            </param>
          </params>
          <reporter-output>
          </reporter-output>
        </test-method> <!-- tearDown -->
        <test-method status="PASS" signature="closeDriver()[pri:0, instance:test.LoginTest@2fc0cc3]" name="closeDriver" is-config="true" duration-ms="673" started-at="2021-12-10T21:03:36 IST" finished-at="2021-12-10T21:03:37 IST">
          <reporter-output>
          </reporter-output>
        </test-method> <!-- closeDriver -->
      </class> <!-- test.LoginTest -->
    </test> <!-- Test -->
  </suite> <!-- Suite -->
</testng-results>
